I  O
have  O
eaten  O
at  O
Thai  O
Express  O
numerous  O
times  O
but  O
I  O
never  O
knew  O
that  O
the  O
restaurant  O
offered  O
tom  O
yam  O
hor  O
fun  O
.  O

I  O
am  O
introduced  O
to  O
the  O
dish  O
by  O
a  O
twitter  O
friend  O
and  O
decided  O
to  O
give  O
it  O
a  O
try  O
.  O

It  O
was  O
indeed  O
very  O
good  O
.  O

Beside  O
that  O
,  O
I  O
also  O
ordered  O
my  O
favourite  O
glass  O
noodle  O
beef  O
slices  O
soup  O
.  O

Thumb  O
up  O
for  O
Thai  O
Express  O
,  O
food  O
standard  O
has  O
always  O
been  O
consistent  O
.  O

Tom  O
Yam  O
Hor  O
Fun  O
4/5  O

Glass  O
Noodle  O
Beef  O
Slices  O
Soup4/5  O

Thai  O
Express  O
Esplanade  O
Mall  O
8  O
Raffles  O
Avenue  O
#  O
01-13D  O
Nearest  O
MRT  O
:  O
Esplanade  O
(  O
CC  O
Line  O
)  O
,  O
City  O
Hall  O
(  O
EW  O
Line  O
,  O
NS  O
Line  O
)  O

View  O
Larger  O
Map  O

View  O
Larger  O
Map  O


This  O
is  O
Pu  O
Tien  O
's  O
first  O
ala  O
carte  O
buffet  O
style  O
restaurant  O
in  O
Singapore  O
.  O

It  O
is  O
located  O
on  O
the  O
2nd  O
floor  O
of  O
the  O
City  O
Square  O
Mall  O
.  O

There  O
weremany  O
badreviews  O
about  O
their  O
service  O
but  O
many  O
good  O
praises  O
for  O
thefood  O
.  O

Despite  O
all  O
the  O
bad  O
reviews  O
I  O
have  O
read  O
about  O
their  O
service  O
,  O
I  O
decided  O
to  O
give  O
it  O
a  O
try  O
since  O
Pu  O
Tien  O
's  O
food  O
standard  O
is  O
generally  O
good  O
.  O

The  O
food  O
did  O
not  O
disappoint  O
me  O
.  O

While  O
you  O
wait  O
for  O
the  O
ala  O
carte  O
buffet  O
food  O
to  O
be  O
served  O
,  O
you  O
can  O
help  O
yourself  O
to  O
the  O
numerous  O
xiao  O
cai  O
.  O

Service  O
was  O
also  O
prompt  O
and  O
friendly  O
.  O

Overall  O
it  O
was  O
a  O
very  O
good  O
dining  O
experience  O
.  O

Free  O
flow  O
Xiao  O
Cai  O
4/5  O

Free  O
flow  O
Xiao  O
Cai  O
4/5  O

Bamboo  O
Herbal  O
Prawn  O
4/5  O

Braised  O
Homemade  O
Bean  O
Curd  O
4.5/5  O

Deep  O
Fried  O
Trotters  O
with  O
Homemade  O
Dips  O
3.5/5  O

Double  O
Boiled  O
Duck  O
Soup  O
4.5/5  O

Fried  O
Hing  O
Wa  O
Beehoon  O
4.5/5  O

Herb  O
Marinated  O
Chicken  O
Drumstick  O
in  O
Lotus  O
Leaf  O
3.5/5  O

Sweet  O
and  O
Sour  O
Pork  O
with  O
Lychee  O
4/5  O

Golden  O
Flower  O
Fish  O
4/5  O

Stir  O
Fried  O
Mackerel  O
with  O
Asparagus  O
in  O
XO  O
sauce  O
4/5  O

Special  O
Abalone  O
4/5  O

Scallop  O
with  O
Vermicelli  O
4.5/5  O

Dessert  O
4/5  O

Pu  O
Tien  O
Buffet  O
City  O
Square  O
Mall  O
#  O
02-51/54  O
180  O
Kitchener  O
Road  O
Nearest  O
MRT  O
:  O
Farrer  O
Park  O
,  O
NE  O
Line  O


Waroeng  O
Penyet  O
serves  O
the  O
popular  O
Indonesian  O
West  O
Java  O
cuisines  O
.  O

The  O
word  O
Waroeng  O
means  O
a  O
traditional  O
hut  O
in  O
Indonesia  O
that  O
serve  O
reasonably  O
priced  O
food  O
,  O
while  O
Penyet  O
means  O
flattened  O
.  O

The  O
various  O
deep  O
friedpenyetsets  O
came  O
with  O
fried  O
tempe  O
,  O
tofu  O
,  O
cucumber  O
slices  O
,  O
raw  O
cabbage  O
and  O
lots  O
of  O
chilli  O
!  O

Although  O
the  O
penyet  O
was  O
deep  O
fried  O
,  O
it  O
was  O
not  O
oily  O
at  O
all.The  O
chickenwas  O
crispy  O
on  O
the  O
outside  O
and  O
tender  O
inside  O
.  O

Ayam  O
Penyet  O
(  O
Flatten  O
Chicken  O
)  O
4/5  O

Kepak  O
Penyet  O
(  O
Chicken  O
Wings  O
)  O
4/5  O

Waroeng  O
Penyet  O
Corner  O
Jurong  O
Cafe  O
Foodcourt  O
Blk  O
133  O
Jurong  O
East  O
Street  O
13  O
#  O
01-309  O
Nearest  O
MRT  O
:  O
Jurong  O
East  O
,  O
EW  O
Line  O


This  O
is  O
an  O
Italian  O
restaurant  O
located  O
at  O
the  O
second  O
level  O
of  O
Liang  O
Court  O
Shopping  O
Centre  O
.  O

The  O
restaurant  O
is  O
quite  O
popular  O
with  O
teenagers  O
.  O

Price  O
is  O
very  O
reasonable  O
.  O

A  O
plate  O
of  O
spaghetti  O
is  O
around  O
$  O
6  O
and  O
you  O
can  O
top  O
up  O
about  O
$  O
2  O
for  O
free  O
flow  O
of  O
drinks  O
.  O

I  O
guess  O
the  O
value  O
for  O
money  O
concept  O
was  O
the  O
reason  O
why  O
it  O
was  O
popular  O
with  O
the  O
teenagers  O
.  O

Spicy  O
Chicken  O
Wing  O
4.5/5  O

Sausage  O
and  O
wedges  O
3.5/5  O

Mushroom  O
and  O
Meat  O
Sauce  O
Spaghetti  O
4/5  O

Doria  O
with  O
Meat  O
Sauce  O
3.5/5  O

Saizeriya  O
Ristorante  O
E  O
Caffe  O
Liang  O
Court  O
Shopping  O
Centre  O
177  O
River  O
Valley  O
Road  O
#  O
02-22  O
Nearest  O
MRT  O
:  O
Clark  O
Quay  O
,  O
NE  O
Line  O


Cheng  O
Kee  O
Beef  O
Kway  O
Teow  O
stall  O
is  O
located  O
at  O
Wong  O
Poh  O
Kopitiam  O
near  O
Kovan  O
MRT  O
station  O
.  O

This  O
is  O
one  O
of  O
the  O
best  O
beef  O
noodle  O
in  O
town  O
.  O

I  O
have  O
been  O
a  O
frequent  O
patron  O
of  O
this  O
stall  O
for  O
the  O
past10  O
years  O
.  O

Although  O
the  O
stall  O
is  O
no  O
longer  O
ran  O
by  O
the  O
original  O
owner  O
and  O
the  O
price  O
has  O
gone  O
up  O
,  O
the  O
beef  O
noodle  O
is  O
still  O
that  O
superb  O
!  O

Compare  O
toHock  O
Lam  O
Street  O
beef  O
noodle  O
,  O
the  O
price  O
of  O
$  O
3.50-  O
$  O
6.00  O
is  O
value  O
for  O
money  O
too  O
.  O

The  O
stall  O
offers  O
both  O
dry  O
and  O
soup  O
beef  O
noodle  O
.  O

I  O
usually  O
ordered  O
the  O
beef  O
kway  O
teow  O
soup  O
.  O

Most  O
important  O
do  O
n't  O
forget  O
the  O
chilli  O
paste  O
and  O
chinchalok  O
for  O
dipping  O
the  O
beef  O
slices  O
.  O

It  O
is  O
just  O
a  O
heaven  O
combination  O
.  O

Beef  O
Kway  O
Teow  O
Soup  O
4.8/5  O

Chilli  O
Paste  O
and  O
Chinchalok  O

Cheng  O
Kee  O
Beef  O
Kway  O
Teow  O
Wong  O
Poh  O
Kopitiam  O
203  O
Hougang  O
Street  O
21  O
Nearest  O
MRT  O
:  O
Kovan  O
,  O
NE  O
Line  O


The  O
non  O
air  O
conditioned  O
restaurant  O
is  O
located  O
along  O
Serangoon  O
Road  O
just  O
opposite  O
the  O
Shell  O
petrol  O
kiosk  O
.  O

Take  O
the  O
MRT  O
to  O
Farrer  O
Park  O
,  O
exit  O
H  O
,  O
turn  O
right  O
and  O
walkdown  O
Serangoon  O
Road  O
.  O

It  O
isless  O
than5  O
mins  O
walk  O
from  O
exit  O
H.  O
The  O
restaurant  O
had  O
a  O
strict  O
sitting  O
policy  O
accordingly  O
to  O
the  O
number  O
of  O
people  O
.  O

Beside  O
that  O
,  O
the  O
service  O
and  O
food  O
are  O
good.We  O
ordered  O
from  O
the  O
set  O
menu  O
which  O
was  O
$  O
17.80  O
that  O
came  O
with  O
a  O
soup  O
,  O
main  O
and  O
dessert  O
.  O

You  O
can  O
also  O
choose  O
from  O
their  O
other  O
selections  O
by  O
topping  O
up  O
a  O
few  O
dollars  O
.  O

French  O
Onion  O
Soup  O
4/5  O

Consomme  O
3.5/5  O

Pan  O
Fried  O
Dory  O
Fillet  O
3.5/5  O

Grilled  O
Pork  O
Medallion  O
4/5  O

Tiramisu  O
3.8/5  O

Honey  O
Cheese  O
Cake  O
3.8/5  O

The  O
French  O
Stall  O
544  O
Serangoon  O
Road  O
Nearest  O
MRT  O
:  O
Farrer  O
Park  O
,  O
NE  O
Line  O


Breakfast  O
at  O
Wang  O
Cafe  O
brought  O
back  O
a  O
lot  O
of  O
memories  O
.  O

The  O
breakfast  O
set  O
camewith  O
kaya  O
toast  O
,  O
soft  O
boiled  O
egg  O
and  O
a  O
hot  O
beverage  O
.  O

It  O
reminded  O
me  O
ofmy  O
school  O
days  O
wherebymy  O
mum  O
would  O
made  O
soft  O
boiled  O
eggs  O
and  O
bread  O
for  O
breakfast  O
.  O

I  O
would  O
add  O
soy  O
sauce  O
and  O
pepper  O
to  O
the  O
soft  O
boiled  O
eggs  O
and  O
then  O
dipped  O
the  O
bread  O
into  O
it  O
.  O

SoftBoiled  O
Egg  O
3.8/5  O

Soft  O
Boiled  O
Egg  O
and  O
Coffee  O
3.8/5  O

Sugar  O
and  O
Butter  O
Toast  O
4/5  O

Wang  O
Cafe  O
Changi  O
Airport  O
Terminal  O
3  O
Departure  O
Hall  O
Nearest  O
MRT  O
:  O
Changi  O
Airport  O
,  O
EW  O
Line  O


I  O
realized  O
I  O
have  O
been  O
food  O
blogging  O
a  O
lot  O
on  O
food  O
experienceyou  O
can  O
find  O
atChangi  O
Airport  O
.  O

It  O
showed  O
that  O
those  O
working  O
at  O
the  O
airport  O
were  O
spoilt  O
of  O
choices  O
with  O
such  O
a  O
wide  O
variety  O
of  O
food  O
they  O
can  O
find  O
there  O
.  O

Benki  O
Japanese  O
Cuisine  O
is  O
another  O
food  O
stall  O
that  O
I  O
would  O
like  O
to  O
recommend  O
to  O
my  O
readers  O
.  O

It  O
is  O
located  O
at  O
Changi  O
Airport  O
Terminal  O
2  O
staff  O
canteen  O
.  O

I  O
love  O
their  O
katsu  O
which  O
was  O
juicy  O
and  O
not  O
dry  O
.  O

A  O
kastsu  O
set  O
only  O
cost  O
$  O
4.90  O
for  O
airport  O
staff  O
and  O
$  O
5.90  O
for  O
public  O
.  O

Curry  O
Katsu  O
(  O
pork  O
)  O
Set  O
4.5/5  O

Katsu  O
(  O
Chicken  O
)  O
Don  O
4/5  O

Benkei  O
Japanese  O
Cuisine  O
Changi  O
Airport  O
Terminal  O
2  O
Stall  O
Canteen  O
Nearest  O
MRT  O
:  O
Changi  O
Airport  O
,  O
EW  O
Line  O


Why  O
pay  O
more  O
if  O
you  O
can  O
find  O
cheap  O
and  O
delicious  O
western  O
food  O
at  O
coffeeshop  O
?  O

5  O
star  O
corner  O
western  O
food  O
has  O
been  O
around  O
the  O
Hougang  O
neighbourhood  O
for  O
a  O
long  O
time  O
.  O

For  O
the  O
price  O
of  O
$  O
9  O
or  O
less  O
(  O
depends  O
what  O
you  O
order  O
)  O
you  O
will  O
get  O
a  O
generous  O
serving  O
of  O
main  O
,  O
french  O
fries  O
,  O
baked  O
beans  O
and  O
coleslaw  O
.  O

Chicken  O
Cutlet  O
4/5  O

Chicken  O
Chop  O
3.8/5  O

5  O
Star  O
Corner  O
Western  O
Food  O
Block  O
805  O
Hougang  O
Central  O
Foodpark  O
Nearest  O
MRT  O
:  O
Hougang  O
,  O
NE  O
Line  O


This  O
is  O
one  O
of  O
Xin  O
Wang  O
food  O
chain  O
that  O
features  O
a  O
wide  O
range  O
of  O
Taiwan  O
's  O
best  O
known  O
snacks  O
.  O

The  O
restaurant'sinterior  O
is  O
enlivened  O
with  O
cartoon  O
drawings  O
.  O

The  O
menu  O
is  O
also  O
cartoon  O
drawn  O
which  O
is  O
very  O
cute  O
.  O

Menu  O
Cover  O

Menu  O
1  O

Menu  O
2  O

Menu  O
3  O

Menu  O
4  O

Afterbrowsing  O
through  O
the  O
interesting  O
menu  O
,  O
I  O
finally  O
settled  O
for  O
an  O
ice  O
calamansi  O
tea  O
drink  O
whichwas  O
very  O
refreshing  O
for  O
the  O
hot  O
weather.I  O
also  O
ordered  O
deep  O
fried  O
squid  O
,  O
Guan  O
Dong  O
Zhu  O
and  O
grilled  O
enoki  O
bacon  O
stick  O
which  O
were  O
all  O
very  O
nice  O
.  O

Ice  O
Calamansi  O
Tea  O
Drink  O
4/5  O

The  O
sauce  O
for  O
the  O
deep  O
fried  O
squid  O
looked  O
very  O
spicy  O
but  O
surprisingly  O
it  O
was  O
not  O
and  O
it  O
tasted  O
very  O
good  O
.  O

A  O
very  O
yummy  O
sauce  O
that  O
went  O
very  O
well  O
with  O
the  O
deep  O
fried  O
squid  O
.  O

Deep  O
Fried  O
Squid  O
3.8/5  O

Deep  O
Fried  O
Squid  O
3.8/5  O

Sauce  O
for  O
Deep  O
Fried  O
Squid  O

Next  O
is  O
the  O
Guan  O
Dong  O
Zhu  O
(  O
)  O
,  O
a  O
type  O
of  O
taiwnese  O
style  O
yong  O
tau  O
foo  O
that  O
had  O
five  O
items  O
in  O
the  O
bowl  O
.  O

Guan  O
Dong  O
Zhu  O
(  O
)  O
3.8/5  O

Grilled  O
Enoki  O
Bacon  O
Stick  O
3.5/5  O

Xin  O
Wang  O
Taiwan  O
Cafe  O

CityLink  O
Mall  O

Raffles  O
Link  O
,  O
#  O
B1-23  O

Nearest  O
MRT  O
:  O
City  O
Hall  O
and  O
Esplanade  O
,  O
EW  O
Line  O
,  O
NS  O
Line  O
,  O
CC  O
Line  O


San  O
Katong  O
Laksa  O
Steamboat  O
is  O
located  O
along  O
Telok  O
Blangah  O
Road  O
.  O

You  O
can  O
take  O
the  O
MRT  O
to  O
Harbour  O
Front  O
station  O
and  O
thentransfer  O
tobus  O
number  O
10  O
,  O
30  O
,  O
57  O
,  O
97  O
,  O
100  O
,  O
131  O
,  O
143  O
,  O
145  O
and  O
166  O
.  O

The  O
restaurant  O
is  O
only  O
3  O
bus  O
stops  O
away  O
.  O

The  O
must  O
try  O
of  O
course  O
is  O
the  O
laksa  O
broth  O
.  O

The  O
laksa  O
brothwas  O
savory  O
yet  O
not  O
thick.I  O
preferred  O
it  O
to  O
be  O
more  O
spicy  O
so  O
I  O
added  O
some  O
of  O
their  O
self  O
made  O
laksa  O
chilli  O
.  O

Surprising  O
the  O
food  O
went  O
well  O
with  O
the  O
laksa  O
broth  O
and  O
it  O
was  O
quite  O
yummy  O
.  O

I  O
also  O
ordered  O
the  O
kiddy  O
fish  O
cake  O
which  O
is  O
quite  O
cute  O
that  O
looked  O
like  O
little  O
piglets  O
.  O

Laksa  O
and  O
Chicken  O
Broth  O
4/5  O

Food  O
Ordered  O
4/5  O

Kiddy  O
Fish  O
Cake  O
3.5/5  O

San  O
Katong  O
Laksa  O
Steamboat  O
404  O
Telok  O
Blangah  O
Nearest  O
MRT  O
:  O
Harbour  O
Front  O
(  O
NE  O
Line  O
and  O
CC  O
Line  O
)  O
,  O
Telok  O
Blangah  O
(  O
CC  O
Line  O
)  O


Simply  O
Wang  O
is  O
an  O
extension  O
of  O
its  O
sister  O
brand  O
Wang  O
Cafe  O
that  O
offers  O
Asian  O
cuisine.Itwashaving  O
Buddy  O
Meal  O
Set  O
promotion  O
which  O
came  O
with  O
4  O
dishes  O
,  O
rice  O
and  O
a  O
drink  O
at  O
$  O
19.80++  O
.  O

I  O
especially  O
like  O
the  O
steamed  O
egg  O
which  O
had  O
century  O
egg  O
fillings  O
.  O

Claypot  O
Broccoli  O
with  O
Mushroom  O
3.8/5  O

Steamed  O
Egg  O
4/5  O

Sichuan  O
Hotand  O
Sour  O
Soup  O
3.8/5  O

Minced  O
Chicken  O
with  O
Salted  O
Fish  O
and  O
Egg  O
4/5  O

SimplyWang  O
Changi  O
Airport  O
Terminal  O
2  O
Level  O
2  O
Viewing  O
Hall  O
,  O
#  O
03-087  O
Nearest  O
MRT  O
:  O
Changi  O
Airport  O
,  O
EW  O
Line  O


Xin  O
Wang  O
Kovan  O
has  O
just  O
reopened  O
on  O
14  O
April  O
after  O
renovation  O
.  O

The  O
Kovan  O
outlet  O
is  O
usually  O
quite  O
crowded  O
.  O

It  O
is  O
opened  O
up  O
to  O
2am  O
on  O
Monday  O
to  O
Thursday  O
,  O
4am  O
on  O
Friday  O
to  O
Saturday  O
and  O
3am  O
on  O
Sunday  O
.  O

Nice  O
place  O
for  O
group  O
hang  O
out  O
and  O
supper  O
.  O

Iced  O
HK  O
Ying  O
Yang  O
4/5  O

Tender  O
Pork  O
Dry  O
Ramen  O
3/5  O

Chicken  O
Feet  O
with  O
Black  O
Bean  O
Sauce  O
3.5/5  O

Japanese  O
Rice  O
Mochi  O
with  O
crushed  O
peanuts  O
andwhite  O
sesame  O
3.8/5  O

Xin  O
Wang  O
Hong  O
Kong  O
Cafe  O
Heartland  O
Mall  O
Kovan  O
Nearest  O
MRT  O
:  O
Kovan  O
,  O
NE  O
Line  O


What  O
a  O
way  O
to  O
start  O
the  O
day  O
with  O
a  O
hearty  O
breakfast  O
.  O

Cafe  O
Cartel  O
offered  O
breakfast  O
on  O
weekends  O
only  O
till  O
11am.Thebreakfast  O
menu  O
came  O
withfree  O
flow  O
bread  O
and  O
coffee/tea  O
.  O

Sausage  O
,  O
Bacon  O
,  O
Hash  O
Brownand  O
Egg  O
3.8/5  O

Free  O
Flow  O
Bread  O
3.8/5  O

Free  O
Flow  O
Coffee  O
3.5/5  O

Cafe  O
Cartel  O
Plaza  O
Singapura  O
68  O
Orchard  O
Road  O
#  O
01-32/33/35  O
Nearest  O
MRT  O
:  O
Dhoby  O
Ghaut  O
,  O
NE  O
Line  O
,  O
NS  O
Line  O
,  O
CC  O
Line  O


Xin  O
Wang  O
Kovan  O
has  O
just  O
reopened  O
on  O
14  O
April  O
after  O
renovation  O
.  O

The  O
Kovan  O
outlet  O
is  O
usually  O
quite  O
crowded  O
.  O

It  O
is  O
opened  O
up  O
to  O
2am  O
on  O
Monday  O
to  O
Thursday  O
,  O
4am  O
on  O
Friday  O
to  O
Saturday  O
and  O
3am  O
on  O
Sunday  O
.  O

Nice  O
place  O
for  O
group  O
hang  O
out  O
and  O
supper  O
.  O

Iced  O
HK  O
Ying  O
Yang  O
4/5  O

Tender  O
Pork  O
Dry  O
Ramen  O
3/5  O

Chicken  O
Feet  O
with  O
Black  O
Bean  O
Sauce  O
3.5/5  O

Japanese  O
Rice  O
Mochi  O
with  O
crushed  O
peanuts  O
andwhite  O
sesame  O
3.8/5  O

Xin  O
Wang  O
Hong  O
Kong  O
Cafe  O
Heartland  O
Mall  O
Kovan  O
Nearest  O
MRT  O
:  O
Kovan  O
,  O
NE  O
Line  O


What  O
a  O
way  O
to  O
start  O
the  O
day  O
with  O
a  O
hearty  O
breakfast  O
.  O

Cafe  O
Cartel  O
offered  O
breakfast  O
on  O
weekends  O
only  O
till  O
11am.Thebreakfast  O
menu  O
came  O
withfree  O
flow  O
bread  O
and  O
coffee/tea  O
.  O

Sausage  O
,  O
Bacon  O
,  O
Hash  O
Brownand  O
Egg  O
3.8/5  O

Free  O
Flow  O
Bread  O
3.8/5  O

Free  O
Flow  O
Coffee  O
3.5/5  O

Cafe  O
Cartel  O
Plaza  O
Singapura  O
68  O
Orchard  O
Road  O
#  O
01-32/33/35  O
Nearest  O
MRT  O
:  O
Dhoby  O
Ghaut  O
,  O
NE  O
Line  O
,  O
NS  O
Line  O
,  O
CC  O
Line  O


Seng  O
Kee  O
Black  O
Herbal  O
Chicken  O
Soup  O
restaurant  O
is  O
located  O
opposite  O
Kembangan  O
MRT  O
station  O
,  O
along  O
Changi  O
Road  O
.  O

Alight  O
at  O
Kembangan  O
MRT  O
,  O
crossed  O
the  O
road  O
and  O
walk  O
along  O
the  O
park  O
connector  O
beside  O
a  O
canal  O
.  O

At  O
the  O
end  O
of  O
the  O
canal  O
,  O
you  O
will  O
see  O
a  O
row  O
of  O
shop  O
houses  O
on  O
your  O
right  O
.  O

Seng  O
Kee  O
is  O
located  O
along  O
the  O
row  O
of  O
shop  O
houses  O
.  O

Do  O
n't  O
be  O
mislead  O
by  O
the  O
name  O
of  O
the  O
restaurant  O
,  O
thinking  O
it  O
served  O
only  O
black  O
herbal  O
chicken  O
soup.Seng  O
Kee  O
is  O
exactlywell  O
known  O
forits  O
crab  O
bee  O
hoon  O
and  O
kidney  O
mee  O
sua  O
.  O

The  O
crab  O
beehoon  O
is  O
served  O
wrapped  O
in  O
opeh  O
leaf  O
.  O

The  O
kidney  O
mee  O
sua  O
was  O
nice  O
too  O
.  O

The  O
herbal  O
soup  O
was  O
not  O
overpowering  O
and  O
was  O
delicately  O
flavoured  O
with  O
the  O
taste  O
of  O
herbs  O
.  O

Crab  O
BeeHoon4/5  O

Kidney  O
Mee  O
Sua  O
4.5/5  O

Claypot  O
Chicken  O
3.5/5  O

Vegetable  O
3.8/5  O

Seng  O
Kee  O
Herbal  O
Chicken  O
Soup  O
467  O
Changi  O
Road  O
Nearest  O
MRT  O
:  O
Kembangan  O
,  O
EW  O
Line  O


Kopi  O
food  O
courtis  O
just  O
one  O
of  O
the  O
Kopitiam  O
group  O
food  O
court  O
that  O
was  O
given  O
a  O
more  O
trendy  O
name  O
.  O

A  O
new  O
stall  O
selling  O
pig  O
organ  O
soup  O
,  O
kwap  O
chap  O
and  O
bak  O
kut  O
teh  O
has  O
opened  O
at  O
the  O
food  O
court  O
.  O

I  O
tried  O
the  O
pig  O
organ  O
soup  O
.  O

The  O
serving  O
was  O
a  O
bit  O
small  O
but  O
the  O
pig  O
organ  O
soup  O
turned  O
out  O
quite  O
nice  O
.  O

I  O
especially  O
like  O
the  O
soup  O
.  O

It  O
was  O
not  O
too  O
salty  O
having  O
the  O
right  O
balance  O
.  O

Pig  O
Organ  O
Soup  O
3.5/5  O

Pig  O
Organ  O
Soup  O
set  O

Kopi  O
Food  O
Court  O
Changi  O
Airport  O
Terminal  O
3  O
Basement  O
2  O
Nearest  O
MRT  O
:  O
Changi  O
Airport  O
,  O
EW  O
Line  O


I  O
read  O
quite  O
a  O
few  O
reviews  O
that  O
the  O
service  O
at  O
this  O
place  O
sucks  O
.  O

The  O
staffs  O
probably  O
had  O
bucked  O
up  O
after  O
all  O
the  O
bad  O
reviews  O
at  O
this  O
branch  O
.  O

My  O
friends  O
and  O
Ihave  O
lunch  O
on  O
a  O
busy  O
Sat  O
afternoon  O
and  O
service  O
was  O
good  O
and  O
prompt  O
.  O

Beside  O
service  O
,  O
the  O
miso  O
ramenwas  O
pretty  O
good  O
.  O

The  O
soup  O
was  O
tasty  O
and  O
not  O
too  O
salty.I  O
enjoyed  O
my  O
lunch  O
here  O
.  O

This  O
is  O
what  O
we  O
ordered  O
.  O

Karamiso  O
Ramen  O
3.8/5  O

Spicy  O
Miso  O
Ramen  O
3.8/5  O

Special  O
Miso  O
Ramen  O
3.8/5  O

Gyzoa  O
3.5/5  O

Sapporo  O
Ramen  O
Bishamon  O
Bugis  O
Junction  O
#  O
B1-K27  O
Nearest  O
MRT  O
:  O
Bugis  O
,  O
EW  O
Line  O

View  O
Larger  O
Map  O


Changi  O
Airport  O
is  O
having  O
Do  O
Lunch  O
atChangi  O
Airport  O
promo  O
whereby  O
participating  O
restaurants  O
offers  O
$  O
10  O
set  O
lunch  O
menu  O
.  O

My  O
colleagues  O
and  O
I  O
decided  O
to  O
do  O
lunch  O
at  O
Fish  O
&  O
Co  O
since  O
it  O
had  O
been  O
quite  O
a  O
while  O
since  O
we  O
have  O
our  O
lunch  O
there  O
.  O

My  O
favourite  O
is  O
New  O
York  O
Fish  O
from  O
Fish  O
&  O
Co  O
but  O
it  O
was  O
not  O
offered  O
in  O
the  O
set  O
menu  O
.  O

Only  O
one  O
standard  O
fish  O
and  O
chips  O
lunch  O
set  O
that  O
came  O
with  O
a  O
free  O
drink  O
plus  O
a  O
selection  O
of  O
either  O
chips  O
or  O
rice  O
.  O

Food  O
portion  O
was  O
not  O
reduced  O
although  O
it  O
was  O
a  O
lunch  O
set  O
.  O

Fish  O
is  O
fresh  O
and  O
melts  O
in  O
your  O
mouth  O
.  O

Overall  O
a  O
value  O
for  O
money  O
lunch  O
for  O
$  O
10  O
and  O
free  O
1st  O
hour  O
parking  O
at  O
the  O
airport  O
.  O

Fish  O
and  O
Chip  O
with  O
Rice  O
3/5  O

Fish  O
and  O
Chip  O
with  O
Fries  O
3/5  O

Fish  O
&  O
Co  O

Changi  O
Airport  O
Terminal  O
2  O
3F  O
Public  O
Area  O
Nearest  O
MRT  O
:  O
Changi  O
Airport  O
,  O
EW  O
Line  O


Feeling  O
extremely  O
hungry  O
today  O
because  O
I  O
did  O
not  O
have  O
breakfast  O
.  O

Bought  O
rice  O
with  O
3  O
dishes  O
(  O
cabbage  O
,  O
pig  O
livers  O
and  O
sotong  O
)  O
from  O
Yong  O
's  O
cooked  O
food  O
stall  O
at  O
T1  O
staff  O
canteen  O
.  O

Rice  O
with  O
Cabbage  O
,  O
Sotong  O
and  O
Pig  O
Liver  O
4/5  O

Yong  O
's  O
cooked  O
food  O
Changi  O
Airport  O
Terminal  O
1  O
Basement  O
1  O
staff  O
canteen  O
Nearest  O
MRT  O
:  O
Changi  O
Airport  O
,  O
EW  O
Line  O


Yummy  O
Yummy  O
...  O
nom  O
nom  O
nom  O
.  O

I  O
love  O
my  O
kway  O
chap  O
.  O

I  O
love  O
the  O
staff  O
canteen  O
kway  O
chap  O
in  O
Changi  O
Airport  O
Terminal  O
1  O
.  O

I  O
think  O
they  O
have  O
one  O
of  O
the  O
best  O
kway  O
chap  O
in  O
town  O
.  O

Kway  O
Chap  O
4/5  O

Kway  O
4/5  O

Keah  O
Kee  O
Duck  O
Rice.Kway  O
Chap  O
Changi  O
Airport  O
Terminal  O
1  O
Staff  O
Canteen  O
Nearest  O
MRT  O
:  O
Changi  O
Airport  O
,  O
EW  O
Line  O


My  O
colleagues  O
and  O
I  O
worked  O
OT  O
today  O
.  O

By  O
the  O
time  O
we  O
finished  O
our  O
work  O
,  O
we  O
were  O
hungry  O
and  O
so  O
we  O
decided  O
to  O
settle  O
dinner  O
at  O
Xin  O
Wang  O
T3  O
before  O
going  O
home  O
.  O

HK  O
Famous  O
Cheese  O
Baked  O
Pork  O
Chop  O
Spaghetti  O
3.5/5  O

French  O
Toast  O
3/5  O

Spicy  O
Pork  O
Cube  O
Dry  O
Noodle  O
3/5  O

HK  O
Famous  O
Cheese  O
Baked  O
Mushroom  O
Rice  O
3/5  O

Xin  O
Wang  O
Hong  O
Kong  O
Cafe  O
Changi  O
Airport  O
Terminal  O
3  O
#  O
04-02  O
Viewing  O
Mall  O
North  O
Nearest  O
MRT  O
:  O
Changi  O
Airport  O
,  O
EW  O
Line  O


Farewell  O
lunch  O
at  O
Pasta  O
de  O
Waraku  O
for  O
a  O
lovely  O
colleague  O
.  O

Great  O
variety  O
of  O
choices  O
which  O
took  O
quite  O
a  O
while  O
to  O
decide  O
what  O
to  O
order  O
.  O

In  O
the  O
end  O
I  O
ordered  O
Uni  O
Cream  O
pasta  O
.  O

It  O
is  O
basically  O
carbonara  O
pasta  O
with  O
sea  O
urchin  O
.  O

Uni  O
Cream  O
Pasta  O
3.8/5  O

Some  O
of  O
the  O
other  O
stuff  O
my  O
colleagues  O
ordered  O
.  O

Pizza  O
3.8/5  O

Carbonara  O
Spaghetti  O
3.8/5  O

Spaghetti  O
with  O
Clam  O
3.5/5  O

Pasta  O
de  O
Waraku  O
Changi  O
Airport  O
Terminal  O
2  O
#  O
036-057  O
Public  O
Area  O
Nearest  O
MRT  O
:  O
Changi  O
Airport  O
,  O
EW  O
Line  O


I  O
love  O
set  O
meal  O
.  O

It  O
saves  O
the  O
trouble  O
to  O
go  O
through  O
the  O
menu  O
and  O
deciding  O
what  O
to  O
order  O
.  O

If  O
you  O
are  O
a  O
thai  O
food  O
lover  O
,  O
WAANWAAN  O
is  O
a  O
nice  O
place  O
to  O
go  O
and  O
value  O
for  O
money  O
.  O

The  O
green  O
chicken  O
curry  O
set  O
meal  O
I  O
ordered  O

Green  O
Chicken  O
Curry  O
Set  O
Meal  O
4/5  O

Green  O
Curry  O
4/5  O

Vegetable  O
4/5  O

Tapioca  O
with  O
Coconut  O
Milk  O
3.8/5  O

Beside  O
the  O
green  O
chicken  O
curry  O
set  O
meal  O
I  O
ate  O
,  O
it  O
has  O
5  O
other  O
differenet  O
set  O
meals  O
to  O
choose  O
from  O
.  O

WAANWAAN  O
Wisma  O
Food  O
Republic  O
Nearest  O
MRT  O
:  O
Orchard  O
,  O
NS  O
Line  O


Da  O
Pai  O
Dang  O
which  O
serves  O
Hong  O
Kong  O
style  O
street  O
food  O
is  O
located  O
at  O
the  O
basement  O
of  O
Central  O
Clark  O
Quay  O
.  O

They  O
offered  O
value  O
for  O
money  O
set  O
meals  O
which  O
came  O
with  O
a  O
main  O
course  O
,  O
soup  O
of  O
the  O
day  O
,  O
pickles  O
and  O
steam  O
rice/fried  O
rice  O
.  O

Soup  O
of  O
the  O
day  O
3/5  O

Chicken  O
with  O
Bitter  O
Gourd  O
and  O
Black  O
Beans  O
3/5  O

Pickles  O
3/5  O

Set  O
Meal  O
3/5  O

Steam  O
Chicken  O
with  O
Black  O
Fugus  O
3/5  O

Soup  O
of  O
the  O
day  O
3/5  O

Da  O
Pai  O
Dang  O
The  O
Central  O
at  O
Clarke  O
Quay  O
#  O
B1-15/16/17  O
Nearest  O
MRT  O
:  O
Clark  O
Quay  O
,  O
NE  O
Line  O


A  O
lot  O
of  O
Hong  O
Kong  O
cafe  O
chainshave  O
emerged  O
inSingapore  O
food  O
scene  O
these  O
few  O
years  O
.  O

This  O
outlet  O
which  O
is  O
located  O
at  O
Raffles  O
City  O
Shopping  O
Centre  O
beside  O
Shokuduprovides  O
a  O
quick  O
and  O
cheap  O
options  O
if  O
you  O
want  O
to  O
avoid  O
the  O
crowd  O
.  O

Seafood  O
Hor  O
Fan  O
3.8/5  O

Bacon  O
Rolls  O
3.8/5  O

Sour  O
Plum  O
Soda  O
3.8/5  O

Street  O
Cafe  O
Raffles  O
City  O
Shopping  O
Centre  O
#  O
B1-44  O
Nearest  O
MRT  O
:  O
City  O
Hall  O
,  O
EW  O
Line  O
,  O
NS  O
Line  O


I  O
have  O
heard  O
from  O
my  O
colleagues  O
that  O
the  O
fried  O
hokkien  O
mee  O
at  O
T2  O
staff  O
canteen  O
is  O
good  O
.  O

I  O
finally  O
got  O
a  O
chance  O
to  O
try  O
it  O
today  O
.  O

The  O
fried  O
hokkien  O
mee  O
stall  O
seems  O
quite  O
famous  O
.  O

It  O
used  O
to  O
be  O
located  O
at  O
the  O
Centrepoint  O
open  O
air  O
carpark  O
.  O

The  O
fried  O
hokkien  O
mee  O
is  O
the  O
wet  O
type  O
.  O

I  O
like  O
their  O
self  O
made  O
chilli  O
too  O
.  O

Fried  O
Hokkien  O
Mee  O
4.5/5  O

Ngee  O
Kee  O
Fried  O
Hokkien  O
Mee  O
Changi  O
Airport  O
Terminal  O
2  O
Staff  O
Canteen  O
Nearest  O
MRT  O
:  O
Changi  O
Airport  O
,  O
EW  O
Line  O


The  O
hotel  O
restaurant  O
serves  O
buffet  O
breakfast  O
,  O
lunch  O
,  O
high  O
tea  O
and  O
dinner  O
.  O

My  O
friend  O
booked  O
a  O
section  O
of  O
the  O
restaurant  O
to  O
celebrate  O
his  O
1  O
year  O
old  O
daughter  O
's  O
birthday  O
.  O

He  O
told  O
me  O
he  O
chose  O
this  O
place  O
because  O
he  O
can  O
book  O
from  O
1230pm-4pm  O
while  O
most  O
hotels  O
'  O
restaurants  O
only  O
from  O
3pm-5pm  O
.  O

I  O
guess  O
most  O
Singapore  O
hotel  O
's  O
buffet  O
are  O
quite  O
standard  O
nowadays  O
.  O

They  O
have  O
a  O
spread  O
of  O
salad  O
bar  O
,  O
japanese  O
food  O
,  O
cooked  O
food  O
,  O
local  O
delicacy  O
,  O
pastry  O
and  O
dessert  O
.  O

Salad  O
4/5  O

Salmon  O
Sashimi  O
4/5  O

Laksa  O
4/5  O

Cooked  O
Food  O
3.8/5  O

Element  O
Restaurant  O
Level  O
1  O
,  O
Amara  O
Hotel  O
Nearest  O
MRT  O
:  O
Tanjong  O
Pagar  O
,  O
EW  O
Line  O


I  O
have  O
heard  O
from  O
my  O
colleagues  O
that  O
the  O
fried  O
hokkien  O
mee  O
at  O
T2  O
staff  O
canteen  O
is  O
good  O
.  O

I  O
finally  O
got  O
a  O
chance  O
to  O
try  O
it  O
today  O
.  O

The  O
fried  O
hokkien  O
mee  O
stall  O
seems  O
quite  O
famous  O
.  O

It  O
used  O
to  O
be  O
located  O
at  O
the  O
Centrepoint  O
open  O
air  O
carpark  O
.  O

The  O
fried  O
hokkien  O
mee  O
is  O
the  O
wet  O
type  O
.  O

I  O
like  O
their  O
self  O
made  O
chilli  O
too  O
.  O

Fried  O
Hokkien  O
Mee  O
4.5/5  O

Ngee  O
Kee  O
Fried  O
Hokkien  O
Mee  O
Changi  O
Airport  O
Terminal  O
2  O
Staff  O
Canteen  O
Nearest  O
MRT  O
:  O
Changi  O
Airport  O
,  O
EW  O
Line  O


The  O
hotel  O
restaurant  O
serves  O
buffet  O
breakfast  O
,  O
lunch  O
,  O
high  O
tea  O
and  O
dinner  O
.  O

My  O
friend  O
booked  O
a  O
section  O
of  O
the  O
restaurant  O
to  O
celebrate  O
his  O
1  O
year  O
old  O
daughter  O
's  O
birthday  O
.  O

He  O
told  O
me  O
he  O
chose  O
this  O
place  O
because  O
he  O
can  O
book  O
from  O
1230pm-4pm  O
while  O
most  O
hotels  O
'  O
restaurants  O
only  O
from  O
3pm-5pm  O
.  O

I  O
guess  O
most  O
Singapore  O
hotel  O
's  O
buffet  O
are  O
quite  O
standard  O
nowadays  O
.  O

They  O
have  O
a  O
spread  O
of  O
salad  O
bar  O
,  O
japanese  O
food  O
,  O
cooked  O
food  O
,  O
local  O
delicacy  O
,  O
pastry  O
and  O
dessert  O
.  O

Salad  O
4/5  O

Salmon  O
Sashimi  O
4/5  O

Laksa  O
4/5  O

Cooked  O
Food  O
3.8/5  O

Element  O
Restaurant  O
Level  O
1  O
,  O
Amara  O
Hotel  O
Nearest  O
MRT  O
:  O
Tanjong  O
Pagar  O
,  O
EW  O
Line  O


This  O
is  O
one  O
hidden  O
find  O
at  O
Jalan  O
Besar  O
.  O

Beside  O
dim  O
sum  O
,  O
they  O
sell  O
handmade  O
noodles  O
too  O
.  O

What  O
caught  O
my  O
attention  O
is  O
there  O
unique  O
dish  O
such  O
as  O
crispy  O
eggplant  O
with  O
meat  O
floss  O
and  O
mee  O
sua  O
kueh  O
.  O

It  O
is  O
a  O
distance  O
from  O
the  O
MRT  O
station  O
but  O
easilyaccessible  O
.  O

Exit  O
Farrer  O
Park  O
MRT  O
,  O
walk  O
towards  O
Mustafa  O
Centre  O
and  O
stroll  O
down  O
Syed  O
Alwi  O
street  O
.  O

At  O
the  O
end  O
of  O
Syed  O
Alwi  O
street  O
and  O
Jalan  O
Besarroad  O
junctionmake  O
a  O
right  O
turn  O
and  O
you  O
will  O
find  O
the  O
restaurant  O
.  O

Fried  O
Egg  O
Plant  O
with  O
Pork  O
Floss  O
3.5/5  O

Fried  O
Mee  O
Sua  O
4/5  O

Lou  O
Mai  O
Kai  O
4/5  O

Dumpling  O
3.5/5  O

Steam  O
Pork  O
Rib  O
3.5/5  O

Swee  O
Choon  O
Tim  O
Sum  O
Restaurant  O
191  O
Jalan  O
Besar  O
Nearest  O
MRT  O
:  O
Farrer  O
Park  O
,  O
NE  O
Line  O


It  O
has  O
been  O
a  O
while  O
since  O
I  O
have  O
japanese  O
food  O
so  O
I  O
suggested  O
to  O
go  O
to  O
Sakae  O
Sushi  O
for  O
lunch  O
.  O

Sakae  O
Sushi  O
has  O
changed  O
their  O
menu  O
and  O
introduced  O
a  O
new  O
pink  O
plate  O
that  O
cost  O
$  O
3.99  O
per  O
plate  O
.  O

3.5/5  O

3.5/5  O

3.5/5  O

3.5/5  O

3.5/5  O

3.5/5  O

3.5/5  O

3.5/5  O

3/5  O

3.5/5  O

Sakae  O
Sushi  O
Changi  O
Airport  O
Terminal  O
2  O
#  O
036-085  O
Public  O
Area  O
Nearest  O
MRT  O
:  O
Changi  O
Airport  O
,  O
EW  O
Line  O


Working  O
at  O
the  O
airport  O
can  O
be  O
spoilt  O
of  O
choices  O
with  O
so  O
many  O
different  O
type  O
of  O
food  O
around  O
.  O

Today  O
I  O
joined  O
my  O
colleagues  O
for  O
lunch  O
at  O
Xin  O
Wang  O
Hong  O
Kong  O
Cafe  O
at  O
Changi  O
Airport  O
Terminal  O
3  O
.  O

Fried  O
Bee  O
Hoon  O
with  O
Pork  O
Rib  O
3.5/5  O

Slice  O
fish  O
porridge  O
3.5/5  O

Baked  O
Rice  O
with  O
Pork  O
Chop  O
3.5/5  O

Xin  O
Wang  O
Hong  O
Kong  O
Cafe  O
Changi  O
Airport  O
Terminal  O
3  O
#  O
04-02  O
Viewing  O
Mall  O
North  O
Nearest  O
MRT  O
:  O
Changi  O
Airport  O
,  O
EW  O
Line  O


I  O
realized  O
this  O
is  O
my  O
third  O
post  O
on  O
Mei  O
Heong  O
Yuen  O
dessert  O
.  O

Looks  O
like  O
I  O
really  O
like  O
their  O
dessert  O
alot  O
.  O

If  O
you  O
want  O
to  O
try  O
out  O
their  O
dessert  O
,  O
it  O
is  O
better  O
to  O
go  O
to  O
their  O
main  O
outlet  O
at  O
Chinatown  O
temple  O
street  O
.  O

The  O
ION  O
outlet  O
has  O
limited  O
sitting  O
area  O
.  O

Passion  O
Fruit  O
and  O
Berry  O
Snow  O
Ice  O
3.5/5  O

Green  O
Tea  O
Snow  O
Ice  O
3.5/5  O

Peanut  O
Paste  O
4/5  O

Mei  O
Heong  O
Yuen  O
Dessert  O
ION  O
Orchard  O
#  O
B4-34  O
Nearest  O
MRT  O
station  O
:  O
Orchard  O
,  O
NS  O
Line  O


This  O
is  O
one  O
of  O
my  O
favourite  O
stallsat  O
Changi  O
Airport  O
T1  O
staff  O
canteen  O
.  O

Both  O
the  O
duck  O
rice  O
and  O
kway  O
chap  O
are  O
good  O
.  O

Kway  O
4/5  O

Kway  O
Chap  O
4/5  O

Keah  O
Kee  O
Duck  O
Rice.Kway  O
Chap  O
Changi  O
Airport  O
Terminal  O
1  O
Basement  O
1  O
staff  O
canteen  O
Nearest  O
MRT  O
:  O
Changi  O
Airport  O
,  O
EW  O
Line  O


I  O
have  O
always  O
wanted  O
to  O
try  O
the  O
dessert  O
here  O
.  O

The  O
place  O
is  O
always  O
crowded  O
and  O
very  O
hard  O
to  O
find  O
a  O
seat  O
.  O

I  O
finally  O
got  O
my  O
chance  O
today  O
and  O
the  O
dessert  O
didn'tlet  O
me  O
down  O
.  O

Peanut  O
paste  O
4/5  O

Mango  O
pamelo  O
and  O
sago  O
4/5  O

Pumpkin  O
cake  O
4.5/5  O

Mei  O
Heong  O
Yuen  O
Dessert  O
65-67  O
Temple  O
Street  O
Nearest  O
MRT  O
station  O
:  O
Chinatown  O
,  O
NE  O
Line  O


Met  O
my  O
friends  O
for  O
dinner  O
at  O
Central  O
Clark  O
Quay  O
but  O
therewere  O
long  O
queues  O
everywhere  O
.  O

We  O
ended  O
up  O
at  O
TCC  O
for  O
dinner  O
.  O

TCC  O
is  O
having  O
a  O
free  O
drink  O
promotion  O
with  O
any  O
main  O
course  O
ordered  O
between  O
6pm  O
to  O
830pm  O
.  O

We  O
ordered  O
the  O
following  O
main  O
dishes  O
.  O

Mentaiko  O
spaghetti  O
with  O
salmon  O
4.5/5  O

Beef  O
Deluxe  O
4/5  O

Chili  O
beef  O
lasagne  O
4/5  O

Spaghetti  O
de  O
clam  O
4/5  O

The  O
Coffee  O
Connoisseur  O
(  O
TCC  O
)  O
The  O
Central  O
at  O
Clarke  O
Quay  O
#  O
02-84/85/86  O
Nearest  O
MRT  O
:  O
Clark  O
Quay  O
,  O
NE  O
Line  O


Met  O
my  O
friend  O
for  O
dinner  O
at  O
ION  O
orchard  O
and  O
we  O
ended  O
up  O
at  O
this  O
dessert  O
stall  O
at  O
the  O
basement  O
of  O
ION  O
after  O
dinner  O
.  O

Mei  O
Heong  O
Yuen  O
Dessert  O
sounds  O
familiar  O
isnt  O
it  O
?  O

The  O
main  O
branch  O
is  O
at  O
Chinatown  O
.  O

As  O
the  O
weather  O
is  O
pretty  O
hot  O
and  O
humid  O
lately  O
,  O
we  O
went  O
for  O
the  O
cold  O
dessert  O
.  O

We  O
ordered  O
Lychee  O
&  O
Watermelon  O
Snow  O
Ice  O
,  O
Mango  O
&  O
Strawberry  O
Snow  O
Ice  O
and  O
Almond  O
&  O
Sesame  O
Snow  O
Ice  O
.  O

Beauty  O
shaved  O
ice  O
dessert  O
that  O
was  O
refreshing  O
for  O
the  O
hot  O
weather  O
.  O

Lychee  O
and  O
watermelon  O
snow  O
ice  O
3.5/5  O

Mango  O
and  O
strawberry  O
snow  O
ice  O
3.8/5  O

Almond  O
and  O
sesame  O
snow  O
ice  O
3/5  O

Mei  O
Heong  O
Yuen  O
Dessert  O
ION  O
Orchard  O
#  O
B4-34  O
Nearest  O
MRT  O
station  O
:  O
Orchard  O
,  O
NS  O
Line  O


Changi  O
Airport  O
Terminal  O
1  O
staff  O
canteenwhich  O
is  O
located  O
at  O
the  O
basement  O
of  O
T1  O
is  O
also  O
open  O
to  O
the  O
public  O
.  O

You  O
can  O
access  O
via  O
the  O
arrival  O
hall  O
.  O

You  O
can  O
find  O
most  O
of  O
your  O
local  O
food  O
here  O
and  O
it  O
is  O
reasonable  O
priced  O
.  O

I  O
felt  O
like  O
having  O
something  O
light  O
today  O
so  O
I  O
ordered  O
porridge  O
from  O
Yong  O
.  O

Itwas  O
actually  O
a  O
``  O
mixed  O
vegetable  O
rice  O
''  O
stall  O
but  O
they  O
do  O
sell  O
porridge  O
too  O
.  O

I  O
ordered  O
bitter  O
gourd  O
,  O
bean  O
sprouts  O
and  O
fish  O
.  O

Porridge  O
and  O
dishes  O
3.8/5  O

Yong  O
's  O
cooked  O
food  O

Changi  O
Airport  O
Terminal  O
1  O

Basement  O
1  O
staff  O
canteen  O

Nearest  O
MRT  O
:  O
Changi  O
Airport  O
,  O
EW  O
Line  O


For  O
those  O
that  O
have  O
not  O
been  O
to  O
Changi  O
Airport  O
for  O
a  O
while  O
.  O

You  O
will  O
be  O
surprised  O
that  O
you  O
can  O
find  O
a  O
wide  O
variety  O
of  O
food  O
available  O
at  O
the  O
3  O
terminals  O
.  O

There  O
is  O
a  O
food  O
court  O
at  O
the  O
basement  O
of  O
the  O
newly  O
built  O
Terminal  O
3  O
.  O

As  O
I  O
was  O
craving  O
for  O
something  O
warm  O
and  O
soupy  O
,  O
I  O
ordered  O
Qiu  O
Lian  O
ban  O
mian  O
.  O

I  O
liked  O
the  O
thick  O
and  O
rich  O
soup  O
of  O
the  O
ban  O
mian  O
.  O

Ban  O
Mian  O
4/5  O

Qiu  O
Lian  O
ban  O
mian  O
Changi  O
Airport  O
Terminal  O
3  O
Basement  O
2  O
Food  O
Court  O
Nearest  O
MRT  O
station  O
:  O
Changi  O
Airport  O
,  O
EW  O
Line  O


Not  O
many  O
people  O
would  O
have  O
notice  O
this  O
place  O
tuck  O
right  O
at  O
the  O
corner  O
of  O
basement  O
1  O
.  O

The  O
name  O
``  O
The  O
Market  O
''  O
probably  O
suggested  O
why  O
a  O
lot  O
of  O
people  O
may  O
not  O
realise  O
thereis  O
a  O
restaurant  O
selling  O
pasta  O
and  O
soup  O
.  O

The  O
set  O
meals  O
come  O
with  O
a  O
main  O
course  O
,  O
a  O
soup  O
plus  O
a  O
choice  O
of  O
salad  O
or  O
free  O
flow  O
drink  O
.  O

You  O
will  O
get  O
to  O
choose  O
your  O
choice  O
of  O
pasta  O
,  O
soup  O
and  O
salad  O
.  O

I  O
settled  O
for  O
a  O
minestrone  O
soup  O
whichwas  O
nice  O
and  O
tasty  O
.  O

For  O
the  O
salad  O
,  O
Iwent  O
for  O
the  O
caesar  O
whichwas  O
my  O
favourite  O
.  O

It  O
did  O
not  O
disappoint  O
me  O
.  O

Lastly  O
the  O
main  O
,  O
carbonara  O
spaghetti  O
.  O

Creamy  O
and  O
nice  O
.  O

The  O
restaurants  O
at  O
Centralare  O
usually  O
quite  O
crowded  O
.  O

If  O
you  O
want  O
to  O
avoid  O
the  O
crowd  O
or  O
prefer  O
a  O
quieter  O
place  O
,  O
I  O
found  O
this  O
place  O
quite  O
a  O
steal  O
.  O

Minestrone  O
Soup  O
4/5  O

Caesar  O
Salad  O
4/5  O

Carbonara  O
Spaghetti  O
4/5  O

The  O
Market  O
@  O
Central  O
The  O
Central  O
at  O
Clarke  O
Quay  O
#  O
B1-28  O
Nearest  O
MRT  O
:  O
Clarke  O
Quay  O
,  O
NE  O
Line  O


I  O
have  O
always  O
wanted  O
to  O
try  O
the  O
dessert  O
here  O
.  O

The  O
place  O
is  O
always  O
crowded  O
and  O
very  O
hard  O
to  O
find  O
a  O
seat  O
.  O

I  O
finally  O
got  O
my  O
chance  O
today  O
and  O
the  O
dessert  O
didn'tlet  O
me  O
down  O
.  O

Peanut  O
paste  O
4/5  O

Mango  O
pamelo  O
and  O
sago  O
4/5  O

Pumpkin  O
cake  O
4.5/5  O

Mei  O
Heong  O
Yuen  O
Dessert  O
65-67  O
Temple  O
Street  O
Nearest  O
MRT  O
station  O
:  O
Chinatown  O
,  O
NE  O
Line  O


Met  O
my  O
friends  O
for  O
dinner  O
at  O
Central  O
Clark  O
Quay  O
but  O
therewere  O
long  O
queues  O
everywhere  O
.  O

We  O
ended  O
up  O
at  O
TCC  O
for  O
dinner  O
.  O

TCC  O
is  O
having  O
a  O
free  O
drink  O
promotion  O
with  O
any  O
main  O
course  O
ordered  O
between  O
6pm  O
to  O
830pm  O
.  O

We  O
ordered  O
the  O
following  O
main  O
dishes  O
.  O

Mentaiko  O
spaghetti  O
with  O
salmon  O
4.5/5  O

Beef  O
Deluxe  O
4/5  O

Chili  O
beef  O
lasagne  O
4/5  O

Spaghetti  O
de  O
clam  O
4/5  O

The  O
Coffee  O
Connoisseur  O
(  O
TCC  O
)  O
The  O
Central  O
at  O
Clarke  O
Quay  O
#  O
02-84/85/86  O
Nearest  O
MRT  O
:  O
Clark  O
Quay  O
,  O
NE  O
Line  O


Met  O
my  O
friend  O
for  O
dinner  O
at  O
ION  O
orchard  O
and  O
we  O
ended  O
up  O
at  O
this  O
dessert  O
stall  O
at  O
the  O
basement  O
of  O
ION  O
after  O
dinner  O
.  O

Mei  O
Heong  O
Yuen  O
Dessert  O
sounds  O
familiar  O
isnt  O
it  O
?  O

The  O
main  O
branch  O
is  O
at  O
Chinatown  O
.  O

As  O
the  O
weather  O
is  O
pretty  O
hot  O
and  O
humid  O
lately  O
,  O
we  O
went  O
for  O
the  O
cold  O
dessert  O
.  O

We  O
ordered  O
Lychee  O
&  O
Watermelon  O
Snow  O
Ice  O
,  O
Mango  O
&  O
Strawberry  O
Snow  O
Ice  O
and  O
Almond  O
&  O
Sesame  O
Snow  O
Ice  O
.  O

Beauty  O
shaved  O
ice  O
dessert  O
that  O
was  O
refreshing  O
for  O
the  O
hot  O
weather  O
.  O

Lychee  O
and  O
watermelon  O
snow  O
ice  O
3.5/5  O

Mango  O
and  O
strawberry  O
snow  O
ice  O
3.8/5  O

Almond  O
and  O
sesame  O
snow  O
ice  O
3/5  O

Mei  O
Heong  O
Yuen  O
Dessert  O
ION  O
Orchard  O
#  O
B4-34  O
Nearest  O
MRT  O
station  O
:  O
Orchard  O
,  O
NS  O
Line  O


Changi  O
Airport  O
Terminal  O
1  O
staff  O
canteenwhich  O
is  O
located  O
at  O
the  O
basement  O
of  O
T1  O
is  O
also  O
open  O
to  O
the  O
public  O
.  O

You  O
can  O
access  O
via  O
the  O
arrival  O
hall  O
.  O

You  O
can  O
find  O
most  O
of  O
your  O
local  O
food  O
here  O
and  O
it  O
is  O
reasonable  O
priced  O
.  O

I  O
felt  O
like  O
having  O
something  O
light  O
today  O
so  O
I  O
ordered  O
porridge  O
from  O
Yong  O
.  O

Itwas  O
actually  O
a  O
``  O
mixed  O
vegetable  O
rice  O
''  O
stall  O
but  O
they  O
do  O
sell  O
porridge  O
too  O
.  O

I  O
ordered  O
bitter  O
gourd  O
,  O
bean  O
sprouts  O
and  O
fish  O
.  O

Porridge  O
and  O
dishes  O
3.8/5  O

Yong  O
's  O
cooked  O
food  O

Changi  O
Airport  O
Terminal  O
1  O

Basement  O
1  O
staff  O
canteen  O

Nearest  O
MRT  O
:  O
Changi  O
Airport  O
,  O
EW  O
Line  O


For  O
those  O
that  O
have  O
not  O
been  O
to  O
Changi  O
Airport  O
for  O
a  O
while  O
.  O

You  O
will  O
be  O
surprised  O
that  O
you  O
can  O
find  O
a  O
wide  O
variety  O
of  O
food  O
available  O
at  O
the  O
3  O
terminals  O
.  O

There  O
is  O
a  O
food  O
court  O
at  O
the  O
basement  O
of  O
the  O
newly  O
built  O
Terminal  O
3  O
.  O

As  O
I  O
was  O
craving  O
for  O
something  O
warm  O
and  O
soupy  O
,  O
I  O
ordered  O
Qiu  O
Lian  O
ban  O
mian  O
.  O

I  O
liked  O
the  O
thick  O
and  O
rich  O
soup  O
of  O
the  O
ban  O
mian  O
.  O

Ban  O
Mian  O
4/5  O

Qiu  O
Lian  O
ban  O
mian  O
Changi  O
Airport  O
Terminal  O
3  O
Basement  O
2  O
Food  O
Court  O
Nearest  O
MRT  O
station  O
:  O
Changi  O
Airport  O
,  O
EW  O
Line  O


Not  O
many  O
people  O
would  O
have  O
notice  O
this  O
place  O
tuck  O
right  O
at  O
the  O
corner  O
of  O
basement  O
1  O
.  O

The  O
name  O
``  O
The  O
Market  O
''  O
probably  O
suggested  O
why  O
a  O
lot  O
of  O
people  O
may  O
not  O
realise  O
thereis  O
a  O
restaurant  O
selling  O
pasta  O
and  O
soup  O
.  O

The  O
set  O
meals  O
come  O
with  O
a  O
main  O
course  O
,  O
a  O
soup  O
plus  O
a  O
choice  O
of  O
salad  O
or  O
free  O
flow  O
drink  O
.  O

You  O
will  O
get  O
to  O
choose  O
your  O
choice  O
of  O
pasta  O
,  O
soup  O
and  O
salad  O
.  O

I  O
settled  O
for  O
a  O
minestrone  O
soup  O
whichwas  O
nice  O
and  O
tasty  O
.  O

For  O
the  O
salad  O
,  O
Iwent  O
for  O
the  O
caesar  O
whichwas  O
my  O
favourite  O
.  O

It  O
did  O
not  O
disappoint  O
me  O
.  O

Lastly  O
the  O
main  O
,  O
carbonara  O
spaghetti  O
.  O

Creamy  O
and  O
nice  O
.  O

The  O
restaurants  O
at  O
Centralare  O
usually  O
quite  O
crowded  O
.  O

If  O
you  O
want  O
to  O
avoid  O
the  O
crowd  O
or  O
prefer  O
a  O
quieter  O
place  O
,  O
I  O
found  O
this  O
place  O
quite  O
a  O
steal  O
.  O

Minestrone  O
Soup  O
4/5  O

Caesar  O
Salad  O
4/5  O

Carbonara  O
Spaghetti  O
4/5  O

The  O
Market  O
@  O
Central  O
The  O
Central  O
at  O
Clarke  O
Quay  O
#  O
B1-28  O
Nearest  O
MRT  O
:  O
Clarke  O
Quay  O
,  O
NE  O
Line  O


Within  O
walking  O
distance  O
after  O
you  O
exit  O
from  O
Chinatown  O
MRT  O
station  O
,  O
there  O
is  O
a  O
desert  O
stall  O
hidden  O
at  O
the  O
corner  O
of  O
People  O
Park  O
Centre  O
2nd  O
floor  O
.  O

A  O
good  O
way  O
to  O
escape  O
the  O
soaring  O
heat  O
outside  O
while  O
enjoying  O
a  O
bowl  O
of  O
desert  O
in  O
the  O
cooling  O
air  O
conditioned  O
complex  O
.  O

I  O
wanted  O
to  O
order  O
my  O
favourite  O
yam  O
paste  O
but  O
it  O
was  O
sold  O
out  O
.  O

Guess  O
Iwas  O
kind  O
of  O
late  O
as  O
most  O
of  O
the  O
dessert  O
were  O
already  O
sold  O
out  O
so  O
I  O
settled  O
for  O
a  O
bowl  O
of  O
black  O
sesame  O
paste  O
.  O

The  O
toasted  O
sesame  O
fragance  O
filled  O
the  O
air  O
when  O
it  O
was  O
served  O
.  O

It  O
was  O
neither  O
too  O
sweet  O
or  O
watery  O
just  O
nice  O
to  O
my  O
liking  O
.  O

It  O
is  O
also  O
rumored  O
that  O
black  O
sesame  O
helps  O
to  O
prevent  O
grey  O
hair  O
.  O

Black  O
Sesame  O
Paste  O
4/5  O

Dessert  O
Hut  O

People  O
Park  O
Centre  O

#  O
02-48/58  O

Nearest  O
MRT  O
station  O
:  O
Chinatown  O
,  O
NE  O
Line  O


